163:/opt/homebrew/share/lua/5.4/busted/block.lua
0 0 0 0 0 0 0 0 0 0 0 0 0 0 0 2 2 0 2 464 0 464 466 0 2 48 48 864 816 416 0 48 50 0 0 26 26 26 26 2 0 2 88 0 88 66 66 0 0 0 0 88 18 0 88 88 70 0 0 18 18 0 0 0 0 18 0 18 0 18 2 0 2 106 0 106 66 66 0 0 0 0 106 0 106 130 24 0 0 0 106 106 2 0 2 124 124 0 124 126 2 0 0 0 124 0 124 66 0 0 0 124 2 0 2 22 2 0 2 18 18 18 0 20 0 2 18 2 0 2 18 2 0 2 16 0 16 16 16 0 0 0 0 16 0 16 16 0 16 0 0 0 0 16 16 0 0 16 16 0 18 0 2 
30:/opt/homebrew/share/lua/5.4/busted/compatibility.lua
0 0 48 48 48 0 0 108 108 108 0 48 0 0 0 2 2 2 0 0 2 2 2 0 2 2 2 0 0 2 
130:/opt/homebrew/share/lua/5.4/busted/context.lua
0 0 0 2 76 74 2 2 2 2 2 2 0 0 0 2 76 74 2 76 0 74 0 0 2 170 168 2 2 0 0 0 0 0 0 0 0 0 0 0 0 0 0 0 26 26 52 26 26 0 26 52 0 0 0 0 0 0 0 26 0 26 0 0 64 64 2 62 26 36 0 0 64 64 0 0 64 64 0 0 64 2 0 64 0 0 652 0 0 0 0 0 0 0 0 0 0 0 0 0 0 0 0 0 44 44 44 44 0 0 20 0 0 0 2542 0 0 0 182 182 182 182 182 0 0 182 182 182 182 182 
317:/opt/homebrew/share/lua/5.4/busted/core.lua
0 0 0 0 0 0 0 0 0 0 0 0 0 0 0 0 0 0 0 0 0 0 0 0 0 0 0 0 0 0 0 0 0 0 0 0 0 0 0 0 2 0 0 0 0 0 0 0 0 0 0 0 0 0 0 0 0 0 0 0 0 0 0 0 0 0 0 0 0 42 42 0 42 42 42 42 0 0 0 0 42 42 0 42 42 0 0 0 0 0 0 0 0 0 0 0 0 0 0 0 0 0 0 0 126 0 0 0 68 0 0 0 0 0 0 0 42 0 64 64 2 2 2 2 2 2 0 0 62 40 40 40 40 40 0 0 22 0 0 0 0 0 0 0 0 0 0 0 0 0 0 0 0 0 0 0 0 0 0 0 0 0 0 0 0 0 2 0 2 0 2 0 0 182 182 182 0 364 0 0 0 364 0 182 0 0 0 0 0 0 0 0 0 0 0 0 0 0 0 0 0 0 182 0 182 182 0 0 0 80 80 80 40 40 40 40 40 40 0 160 80 160 80 0 0 0 0 0 0 0 0 0 0 0 0 0 0 0 0 0 0 0 0 0 0 0 0 0 0 0 0 0 0 0 0 0 0 0 44 6 6 38 0 0 0 44 0 44 44 42 0 0 0 44 88 0 44 44 0 0 0 0 0 0 44 44 44 44 44 44 44 44 44 44 44 44 0 0 44 0 44 24 0 20 0 44 0 0 0 18 62 44 44 76 44 18 18 
31:/opt/homebrew/share/lua/5.4/busted/environment.lua
0 0 0 0 0 0 0 2480 0 2452 1944 2452 0 0 0 0 0 0 0 0 536 0 0 0 0 0 0 0 0 0 2 
72:/opt/homebrew/share/lua/5.4/busted/execute.lua
2 2 2 0 0 0 0 0 0 0 0 0 2 0 0 2 0 0 2 2 0 0 0 0 0 0 0 0 0 0 0 0 0 0 0 0 0 0 2 0 4 2 0 0 0 0 0 2 0 2 0 0 0 0 2 2 2 2 0 2 2 0 2 0 2 0 0 0 4 0 2 2 
129:/opt/homebrew/share/lua/5.4/busted/init.lua
0 0 0 0 2 2 2 0 2 2 0 0 14 14 14 0 14 14 0 0 22 22 0 22 0 0 0 0 22 0 22 22 22 0 22 0 22 22 22 22 22 0 0 0 0 0 0 22 0 0 22 22 0 0 0 0 0 0 0 0 0 0 0 0 0 0 0 0 0 0 0 0 0 0 0 0 0 0 0 0 0 0 0 0 0 0 0 0 0 0 0 0 0 0 0 0 0 0 0 0 0 0 0 0 0 0 0 0 0 0 0 0 0 0 0 0 0 0 0 0 0 0 0 0 0 0 0 0 100 
50:/opt/homebrew/share/lua/5.4/busted/languages/en.lua
2 0 2 0 0 2 2 2 2 0 2 2 2 2 0 2 2 2 2 0 2 2 2 2 0 2 0 2 2 0 0 2 2 2 2 2 2 2 2 2 0 2 2 2 2 2 2 0 2 2 
4:/opt/homebrew/share/lua/5.4/busted/luajit.lua
2 0 2 4 
23:/opt/homebrew/share/lua/5.4/busted/modules/files/lua.lua
2 0 2 0 0 42 42 42 2 0 0 2 2 0 0 2 2 0 0 2 2 0 2 
107:/opt/homebrew/share/lua/5.4/busted/modules/files/moonscript.lua
2 0 4 2 2 0 2 0 0 0 0 0 0 0 0 0 0 2 0 0 0 0 0 0 0 0 0 0 0 0 2 0 0 0 0 0 2 0 0 0 0 0 0 0 0 0 0 0 0 0 0 0 0 0 0 0 0 0 0 0 0 0 0 0 0 0 2 0 2 0 0 0 0 0 0 0 0 0 0 0 2 0 0 0 0 0 0 0 0 0 0 0 2 0 0 0 2 0 0 0 0 0 0 0 2 0 2 
156:/opt/homebrew/share/lua/5.4/busted/modules/filter_loader.lua
0 0 0 22 22 0 66 66 44 44 0 0 22 2 0 0 0 0 2 0 0 36 0 0 0 36 36 2 0 0 22 22 0 0 0 22 22 2 0 0 36 0 0 0 36 36 2 0 2 2 0 0 0 0 0 0 0 0 0 0 0 0 2 0 0 36 0 0 0 36 36 2 0 0 22 0 0 0 22 22 2 0 0 0 0 0 0 0 0 0 0 0 2 0 0 0 2 0 2 0 0 0 0 0 0 2 0 0 0 2 0 0 20 36 26 10 0 22 0 0 0 0 0 0 0 0 2 0 2 0 0 0 0 0 0 0 0 0 0 0 0 0 0 2 2 2 2 0 0 2 2 2 2 2 2 2 
34:/opt/homebrew/share/lua/5.4/busted/modules/output_handler_loader.lua
0 0 0 0 0 0 2 0 2 4 2 0 2 0 0 2 0 4 0 2 0 0 0 2 0 0 0 0 2 0 0 0 2 2 
101:/opt/homebrew/share/lua/5.4/busted/modules/test_file_loader.lua
2 0 0 2 2 2 2 0 6 4 4 2 0 0 2 0 2 0 2 2 2 0 4 25 25 0 0 0 25 48 25 2 0 23 23 4 0 4 2 0 0 2 0 4 0 0 0 0 0 2 2 2 0 0 2 4 2 2 2 2 0 0 0 2 2 2 0 0 2 0 0 2 0 4 2 0 2 4 2 2 2 2 0 0 2 0 2 0 2 0 0 0 0 0 0 0 2 2 0 2 2 
181:/opt/homebrew/share/lua/5.4/busted/outputHandlers/base.lua
2 2 0 0 2 2 2 2 2 2 2 2 2 2 2 0 0 0 66 2 0 0 2 2 0 2 0 0 0 2 2 2 2 2 2 2 2 2 2 4 0 0 22 22 0 66 66 0 44 44 0 0 22 2 0 0 0 22 264 242 198 0 22 22 22 0 22 22 22 22 22 22 22 0 22 0 22 2 0 0 2 0 0 0 2 2 0 0 2 2 2 2 0 0 0 0 0 0 0 0 0 0 0 0 0 2 0 0 2 2 2 2 0 0 22 22 2 0 0 22 0 22 22 22 0 0 0 0 0 0 0 0 0 0 0 0 22 0 22 22 22 0 22 0 22 0 0 22 0 22 2 0 0 0 0 0 0 2 0 0 0 0 2 0 0 0 0 0 2 0 0 0 0 0 0 0 0 2 0 2 2 
224:/opt/homebrew/share/lua/5.4/busted/outputHandlers/utfTerminal.lua
2 2 2 2 2 2 2 2 2 2 2 2 0 2 0 0 2 2 2 2 0 2 2 2 0 2 2 0 0 0 0 0 2 0 0 0 2 0 0 0 0 2 0 0 0 0 2 2 0 0 0 2 2 2 2 0 0 0 0 0 0 0 0 0 0 0 0 0 0 0 0 0 2 0 0 0 0 0 0 0 0 0 0 0 0 2 0 0 0 0 0 0 0 0 0 0 0 0 0 0 0 0 0 0 0 0 0 0 0 0 0 2 0 0 2 2 2 2 0 2 2 2 2 2 0 2 0 2 0 0 0 2 2 0 0 0 0 2 2 0 0 0 0 2 2 0 0 0 0 2 0 2 2 2 2 2 2 0 0 22 22 0 22 0 22 0 22 0 0 0 22 22 0 0 22 2 0 0 2 2 2 0 2 2 0 0 2 2 0 2 0 0 2 0 2 0 0 2 0 2 0 0 2 0 2 2 0 0 0 0 0 0 2 0 2 2 2 2 2 2 2 0 2 2 
221:/opt/homebrew/share/lua/5.4/busted/runner.lua
0 0 0 0 0 0 0 0 0 0 0 0 0 0 0 0 0 0 0 0 0 0 0 0 0 0 0 0 0 0 0 0 0 0 0 0 0 0 0 0 0 0 0 0 0 0 0 0 0 0 0 0 0 0 0 0 0 0 0 2 0 0 0 0 0 0 2 0 0 0 0 2 0 0 0 0 0 2 2 0 0 2 2 0 0 0 2 2 0 2 0 0 0 2 2 2 0 4 0 0 2 0 4 0 0 2 0 4 0 0 0 2 0 4 0 0 0 0 0 0 0 2 0 0 2 2 2 0 0 4 2 2 2 2 2 2 2 0 0 0 2 0 0 2 0 0 0 0 0 0 0 0 0 0 0 0 0 0 0 0 0 0 0 0 0 0 0 2 0 2 0 0 0 0 0 0 0 0 0 4 2 2 2 2 2 2 2 2 2 0 0 2 0 2 2 2 4 2 2 2 2 0 0 0 0 0 0 2 2 4 2 2 2 0 0 2 0 2 0 0 2 
41:/opt/homebrew/share/lua/5.4/busted/status.lua
0 226 226 226 226 226 226 226 226 0 226 0 0 0 204 204 326 204 204 204 0 0 0 204 0 0 0 204 0 0 0 22 22 22 0 226 0 0 408 204 248 
35:/opt/homebrew/share/lua/5.4/busted/utils.lua
0 0 0 2 2 10 8 8 0 0 2 0 0 0 0 0 0 0 0 0 0 0 0 0 0 0 2 2 2 2 2 10 8 2 2 
32:/opt/homebrew/share/lua/5.4/cliargs.lua
0 0 2 2 0 2 0 2 2 2 0 0 2 0 2 2 0 0 0 2 172 170 28 0 2 0 2 4 0 2 0 2 
556:/opt/homebrew/share/lua/5.4/cliargs/core.lua
0 0 0 0 0 0 0 0 0 0 0 0 0 0 0 0 0 4 4 0 0 0 0 0 0 0 0 0 0 0 0 0 0 2 2 2 0 2 2 0 4 0 0 0 0 0 0 4 0 0 0 4 4 0 4 0 0 0 0 4 0 0 0 4 0 0 0 0 4 4 4 4 4 4 4 4 4 4 0 0 4 6 0 0 0 0 0 0 0 0 0 0 0 0 0 0 0 0 0 0 0 0 0 0 0 0 0 0 0 0 0 0 0 0 0 0 2 0 0 0 0 0 0 0 0 2 2 0 2 2 0 0 2 0 0 0 2 0 0 0 0 0 0 0 0 0 0 0 0 0 2 0 2 0 2 0 0 0 0 0 0 0 0 0 0 0 0 0 2 0 0 0 0 0 0 0 0 0 0 0 0 0 0 0 0 0 2 0 0 0 0 0 0 0 0 0 2 0 0 0 0 0 0 0 0 0 0 0 0 0 0 0 0 0 0 0 2 0 0 0 0 0 0 0 0 0 0 0 2 0 0 0 0 0 0 0 0 0 0 0 0 0 0 0 0 0 0 0 0 0 0 0 0 0 0 0 0 0 0 0 0 0 0 0 0 2 0 0 0 0 0 0 0 0 0 0 0 0 0 0 0 0 0 0 0 0 2 0 0 0 0 0 0 0 0 0 0 0 0 0 0 0 0 0 0 0 0 0 0 0 0 0 0 0 0 0 0 0 0 0 0 0 0 0 0 0 0 0 0 0 0 0 0 0 0 0 2 0 0 0 0 0 0 0 0 0 0 0 0 0 0 0 0 0 0 0 0 0 0 0 0 0 0 0 0 0 0 0 0 0 0 0 0 0 0 2 0 0 0 0 0 0 0 0 0 0 0 0 0 0 0 0 0 0 0 0 0 0 0 0 0 0 0 0 0 0 0 0 0 2 0 0 0 0 0 0 0 0 0 0 0 0 0 0 0 0 0 0 0 0 0 2 0 0 0 0 0 0 0 0 0 0 0 0 0 0 0 0 0 0 0 0 0 0 0 0 0 0 0 0 0 0 0 0 0 0 0 0 0 0 2 4 0 0 0 0 8 0 4 0 4 0 4 0 0 0 4 0 4 2 0 0 0 0 0 0 0 0 0 0 0 0 0 0 0 0 2 0 0 0 0 0 0 0 0 2 0 0 0 0 0 0 0 0 0 0 0 0 0 0 0 2 2 2 0 0 0 0 0 2 0 2 0 2 0 2 0 0 0 0 0 2 0 2 0 2 
315:/opt/homebrew/share/lua/5.4/cliargs/parser.lua
0 0 0 0 0 0 0 0 0 0 0 0 0 0 0 0 0 0 0 0 0 0 0 0 0 0 0 2 0 2 0 0 0 0 0 0 0 0 0 0 0 0 0 0 0 0 0 0 0 0 0 0 0 0 0 0 0 0 0 0 0 0 0 2 0 2 0 0 0 0 10 8 0 0 2 0 2 0 0 0 0 2 0 0 2 0 0 0 0 2 2 2 2 0 0 0 0 2 0 2 0 2 0 0 0 0 0 0 0 0 0 0 0 0 0 0 0 0 0 0 0 0 0 0 0 0 0 0 0 0 0 0 0 0 0 0 0 0 0 0 0 0 0 0 0 0 0 0 0 0 0 0 0 0 0 0 0 0 0 0 0 0 0 0 0 0 0 0 0 0 0 0 0 0 0 0 0 0 0 0 0 0 0 0 0 0 0 0 0 0 0 0 0 0 0 0 0 0 0 0 0 0 0 0 0 0 0 0 0 0 0 0 2 0 0 0 2 2 0 2 2 0 0 2 0 0 0 0 0 0 0 0 0 0 0 0 0 0 2 0 0 0 2 0 4 4 0 4 0 0 0 4 0 4 4 0 0 0 2 0 0 4 4 6 0 6 4 4 0 4 4 0 0 4 0 4 0 4 0 4 0 0 0 0 4 2 0 2 0 0 0 0 4 2 2 0 0 2 0 0 4 4 4 4 4 2 0 0 2 0 2 2 2 2 2 
261:/opt/homebrew/share/lua/5.4/cliargs/printer.lua
0 0 0 0 0 0 0 2 0 2 0 2 0 0 0 0 0 0 0 0 0 0 0 0 0 0 0 0 0 0 0 0 0 0 0 0 0 0 0 0 2 0 0 2 0 0 0 0 0 0 0 0 0 0 0 0 0 0 0 0 0 0 0 0 0 0 0 0 0 0 0 0 0 0 0 0 0 0 0 0 2 0 2 0 0 0 0 0 0 0 0 0 0 0 0 0 0 0 0 0 0 0 0 0 0 0 0 0 0 0 0 0 0 0 0 0 0 0 0 0 0 0 0 0 0 0 0 0 0 0 0 0 0 0 0 0 0 0 0 0 0 0 0 0 0 0 0 0 0 0 0 0 0 0 0 0 0 0 0 0 0 0 0 2 0 2 0 0 0 0 0 0 0 0 0 0 0 0 0 0 0 0 0 0 0 0 0 0 0 0 0 0 0 0 0 0 0 0 0 0 0 0 0 0 0 0 0 0 0 0 0 0 0 0 0 0 0 0 0 0 0 0 0 0 0 0 0 0 0 0 0 0 0 0 0 0 0 0 0 0 0 0 0 0 0 0 0 0 0 2 0 2 0 0 0 0 0 0 2 0 2 
66:/opt/homebrew/share/lua/5.4/cliargs/utils/disect.lua
0 0 0 0 0 0 0 0 0 0 0 0 0 0 0 0 0 0 0 0 0 0 0 0 0 4 0 0 0 0 0 0 4 4 0 0 0 0 0 0 0 4 4 0 0 0 0 4 4 0 0 0 4 0 0 4 0 0 4 4 0 4 0 0 0 4 
10:/opt/homebrew/share/lua/5.4/cliargs/utils/filter.lua
0 8 0 24 16 0 0 8 0 8 
22:/opt/homebrew/share/lua/5.4/cliargs/utils/lookup.lua
0 0 0 4 0 8 6 2 0 0 0 2 0 0 0 2 0 0 4 4 0 4 
21:/opt/homebrew/share/lua/5.4/cliargs/utils/split.lua
0 4 4 4 4 0 8 4 4 0 0 4 4 0 0 4 0 0 0 0 4 
92:/opt/homebrew/share/lua/5.4/luarocks/core/dir.lua
0 0 0 0 0 0 0 728 728 728 0 0 728 0 0 0 0 0 0 0 0 0 392 392 392 392 392 0 392 0 0 0 0 0 0 0 0 0 392 392 392 392 392 0 0 392 2408 2016 0 0 0 0 0 0 2016 2016 0 392 392 0 392 0 0 392 0 392 0 0 392 0 392 0 0 0 0 0 0 0 0 0 0 0 0 0 168 168 0 0 504 336 168 168 
100:/opt/homebrew/share/lua/5.4/luarocks/core/manif.lua
0 0 0 0 0 0 0 0 0 0 0 0 0 0 0 0 0 0 0 0 0 0 0 0 0 0 0 0 0 0 0 0 0 0 0 0 0 0 0 0 0 0 112 112 0 0 0 0 0 0 0 0 0 0 56 0 56 0 0 56 0 0 56 56 0 0 0 0 0 0 0 0 0 0 0 0 0 112 112 56 0 0 56 56 0 0 0 56 112 112 112 56 0 168 56 0 0 0 22 22 
157:/opt/homebrew/share/lua/5.4/luarocks/core/path.lua
0 0 0 0 0 0 0 0 0 0 0 0 0 112 0 0 0 0 0 112 0 0 112 0 0 112 112 0 0 0 0 0 0 0 0 0 0 0 0 0 0 0 0 0 0 0 0 0 0 0 0 0 0 0 22 22 396 374 374 374 0 22 0 22 33 33 33 22 22 0 22 0 22 0 0 22 0 22 0 0 0 0 0 0 0 0 0 0 0 0 0 0 0 0 0 0 0 0 0 0 0 0 0 0 0 0 0 0 0 0 0 0 0 0 0 0 0 0 0 0 0 0 0 224 0 0 224 0 0 0 0 0 0 0 0 0 0 0 56 56 56 0 0 56 56 0 0 168 112 56 0 112 112 0 56 0 56 
67:/opt/homebrew/share/lua/5.4/luarocks/core/persist.lua
0 0 0 0 0 0 0 0 0 0 0 0 0 0 0 56 56 56 0 0 0 0 0 0 0 0 0 0 0 0 0 0 0 0 0 0 0 0 0 0 0 0 0 0 0 0 0 0 0 0 0 56 56 56 0 0 56 0 56 56 0 56 0 56 0 56 56 
319:/opt/homebrew/share/lua/5.4/luarocks/loader.lua
0 0 0 0 0 0 0 0 0 0 0 0 0 0 0 0 0 0 0 0 0 0 0 0 0 0 0 0 0 0 0 0 0 0 0 0 0 0 0 0 0 0 0 0 0 0 0 0 0 0 0 0 0 0 0 0 0 0 0 0 0 0 0 0 0 0 0 0 0 0 0 0 0 0 0 0 0 0 0 0 0 0 0 0 0 0 0 0 0 22 0 0 0 0 0 0 22 22 0 0 0 22 22 0 0 0 0 0 0 0 0 0 0 0 0 0 0 0 0 0 0 0 0 0 0 0 0 0 0 0 66 66 44 44 44 22 22 0 0 0 0 0 0 0 0 0 0 0 0 0 0 0 0 0 0 0 0 0 0 0 0 22 22 0 22 22 0 0 0 22 0 22 22 0 0 0 0 0 0 0 0 0 0 0 0 0 0 0 0 0 0 0 0 0 0 0 0 0 34 34 0 0 0 34 34 46 34 34 22 22 22 0 0 12 12 12 0 0 0 0 0 0 12 0 12 0 0 0 0 12 0 0 0 0 0 0 0 0 0 0 0 0 0 22 0 0 22 0 0 0 0 0 0 0 0 0 0 0 34 0 0 0 0 0 0 0 0 0 0 0 0 0 0 0 0 0 0 0 0 0 0 0 0 0 0 0 0 0 0 0 0 0 0 0 0 0 0 0 0 0 0 0 0 0 0 0 0 0 0 0 0 0 0 34 34 12 0 22 22 
175:/opt/homebrew/share/lua/5.4/luassert/assert.lua
0 0 0 0 0 0 0 0 0 0 0 0 0 0 0 0 0 0 0 0 0 0 0 0 0 0 42 0 42 0 96 54 42 0 42 76 44 12 0 32 0 32 32 0 32 0 0 0 0 0 0 0 0 32 0 0 32 0 10 10 0 20 10 10 0 10 0 0 10 0 0 0 114 62 52 0 52 0 0 0 0 32 0 0 0 0 0 0 0 0 0 0 0 0 0 0 0 0 0 0 0 0 0 0 0 0 0 0 0 0 0 0 0 0 0 0 0 0 0 0 0 0 0 0 0 0 0 0 0 0 0 0 0 2 2 0 0 0 0 0 0 32 32 0 0 0 0 0 0 0 0 0 0 0 0 0 0 0 0 0 0 0 0 0 0 0 36 0 0 0 36 0 0 0 32 
273:/opt/homebrew/share/lua/5.4/luassert/assertions.lua
0 0 0 0 0 0 0 0 0 0 0 0 0 0 0 0 0 0 22 4 0 22 0 0 0 0 0 0 0 0 0 0 0 0 0 0 0 0 0 0 0 0 0 0 0 0 0 0 0 0 0 0 0 0 0 0 0 0 0 0 0 0 0 0 0 0 0 0 0 0 0 0 0 0 0 0 0 0 0 0 0 0 0 0 0 0 0 0 0 0 0 0 0 0 0 0 0 0 0 0 0 0 0 0 0 0 0 0 0 0 0 0 0 0 0 0 0 0 0 0 0 0 0 0 0 0 0 0 0 0 0 0 0 0 0 0 0 0 0 0 0 0 0 0 0 0 0 0 0 0 0 0 0 0 0 0 0 0 0 0 0 0 0 0 0 0 0 0 0 0 0 0 0 0 0 0 0 0 0 0 0 0 0 0 0 0 0 0 0 0 0 0 0 0 0 0 0 0 0 0 0 0 0 0 0 0 0 0 0 0 0 0 0 0 0 0 0 0 0 0 0 0 0 0 0 0 0 0 0 0 0 0 0 0 0 0 0 0 0 0 0 0 0 0 0 0 0 0 0 0 0 0 0 0 0 0 0 0 0 0 0 0 0 0 12 12 12 0 0 0 10 10 10 
64:/opt/homebrew/share/lua/5.4/luassert/match.lua
0 0 0 0 0 0 0 0 0 0 0 0 0 0 0 0 0 0 0 0 0 0 0 0 0 0 0 0 0 0 0 0 0 0 0 0 0 0 0 0 0 0 0 0 0 0 0 0 0 0 0 0 0 0 0 0 0 0 0 0 0 0 0 190 
59:/opt/homebrew/share/lua/5.4/luassert/mock.lua
0 0 0 0 0 0 0 0 0 0 0 0 0 0 0 0 0 0 4 0 22 0 4 4 22 18 4 4 22 0 18 18 0 0 0 0 0 22 0 22 22 4 4 0 0 0 0 0 0 0 0 0 0 0 0 0 0 0 4 
10:/opt/homebrew/share/lua/5.4/luassert/modifiers.lua
0 0 0 0 10 0 0 0 2 2 
154:/opt/homebrew/share/lua/5.4/luassert/spy.lua
0 0 0 0 0 0 0 38 38 0 38 38 38 38 38 0 0 0 0 0 0 32 32 0 0 64 32 32 32 0 32 32 0 0 0 0 0 0 0 0 0 32 0 0 44 44 44 32 0 0 2 4 2 0 0 0 32 0 0 8 8 8 0 8 8 8 0 0 32 0 0 0 0 0 0 0 0 0 0 0 32 32 32 32 0 0 0 344 0 0 0 18 18 0 18 18 0 18 0 0 0 0 4 4 0 0 4 0 0 0 0 0 0 0 0 0 0 0 0 0 0 0 0 0 8 8 8 8 8 8 8 8 8 0 0 0 0 0 0 2 2 2 2 2 0 2 2 2 2 2 2 2 2 2 
123:/opt/homebrew/share/lua/5.4/luassert/state.lua
0 0 0 0 0 0 0 0 0 0 0 0 0 0 0 0 0 0 0 0 0 0 0 0 0 0 0 0 0 0 0 0 0 0 0 0 0 0 0 0 0 0 0 0 0 0 0 0 0 0 0 0 0 0 0 0 0 0 0 0 0 0 0 0 0 0 0 0 0 0 0 0 0 0 0 0 0 0 0 0 0 0 0 0 0 0 0 0 0 0 0 0 0 0 0 0 0 0 0 0 0 0 2 2 2 0 0 0 0 0 0 0 0 0 0 0 0 0 0 0 0 32 32 
105:/opt/homebrew/share/lua/5.4/luassert/stub.lua
0 0 0 0 0 0 0 0 0 0 18 0 0 0 0 18 18 18 18 0 18 18 10 18 18 18 0 10 10 10 0 0 10 18 0 18 18 18 0 0 0 0 0 0 0 0 18 0 0 0 0 0 0 0 18 0 0 0 0 0 0 18 0 18 18 18 18 0 0 0 0 0 0 0 0 0 0 0 0 0 0 0 0 0 0 0 0 0 18 0 18 0 0 0 6 6 6 0 0 0 0 0 0 0 18 
359:/opt/homebrew/share/lua/5.4/luassert/util.lua
0 0 0 0 0 10 18 0 0 0 0 0 52 52 0 52 36 36 0 36 0 0 0 36 0 0 0 6 6 6 6 6 0 0 0 6 0 0 0 6 6 0 36 30 30 0 0 0 30 30 0 0 0 0 6 36 0 0 30 6 0 6 6 0 6 0 0 0 84 84 84 274 190 84 84 0 0 0 170 170 38 0 0 38 38 38 0 210 172 38 38 0 0 38 0 38 0 0 0 0 0 0 0 76 76 76 76 244 168 76 76 0 0 0 0 0 0 0 24 16 0 8 8 0 0 0 0 0 0 0 0 8 30 22 22 0 0 0 0 0 0 22 0 0 8 0 30 0 0 22 22 0 0 0 0 0 0 0 0 0 8 8 0 0 0 0 0 0 0 0 0 0 0 0 0 0 8 8 8 8 8 0 0 0 0 0 0 0 0 0 0 0 10 0 0 0 0 0 0 10 10 0 0 0 0 0 0 0 0 0 0 0 0 40 40 40 40 40 40 0 0 0 0 40 40 0 40 0 2 2 0 0 44 4 0 0 40 40 0 0 0 0 0 0 0 0 0 16 16 0 16 0 0 0 0 0 16 0 32 16 0 0 16 16 16 0 0 0 0 0 0 0 0 0 68 0 0 0 0 0 0 0 0 0 0 0 0 0 0 0 0 0 0 78 78 78 78 156 78 78 78 0 78 78 0 0 0 0 0 0 0 0 42 0 0 42 42 42 96 54 54 0 0 54 62 8 8 8 8 0 0 54 54 54 0 54 0 0 0 42 0 0 0 42 0 0 0 0 0 0 128 128 128 0 0 0 0 0 8 
154:/opt/homebrew/share/lua/5.4/mediator.lua
0 68 0 0 0 68 68 68 68 0 0 0 0 0 68 0 68 68 0 0 0 0 0 50 50 50 50 50 50 0 0 68 68 0 68 0 68 46 46 0 36 0 0 68 0 68 50 0 0 0 0 0 0 0 0 0 0 0 0 50 0 0 0 0 0 0 0 0 50 0 0 50 50 50 0 0 0 50 0 0 376 50 0 0 0 0 0 0 0 0 0 0 0 50 0 0 514 270 0 0 270 0 270 0 270 270 0 0 0 244 162 0 82 0 50 50 0 0 0 0 0 0 0 0 0 0 0 0 0 0 0 194 0 570 376 0 0 194 0 0 0 68 0 0 0 0 0 0 0 0 0 0 0 126 
565:/opt/homebrew/share/lua/5.4/pl/List.lua
0 0 0 0 0 0 0 0 0 0 0 0 0 0 0 0 0 0 0 0 2 2 2 2 2 2 2 0 2 2 0 0 2 2 0 2 0 2 0 0 0 0 0 0 0 0 2 0 0 0 2 0 2 0 2 0 2 0 0 0 0 0 0 2 0 0 0 0 0 0 0 0 0 0 0 0 2 0 0 0 0 2 0 0 0 2 0 0 0 0 2 0 0 2 0 2 0 0 0 0 0 2 0 0 0 2 0 0 0 0 0 0 2 0 0 0 2 0 0 0 0 2 0 2 0 0 0 0 0 2 0 0 0 2 0 0 0 0 0 0 0 2 0 0 0 0 2 0 0 0 0 0 0 2 0 0 0 2 0 2 0 0 0 0 0 0 0 0 2 2 0 0 0 0 2 0 2 0 0 0 0 2 0 0 0 0 0 2 0 0 0 0 2 0 0 0 2 0 0 0 0 2 0 2 0 0 0 2 0 0 0 0 0 0 0 2 0 0 0 0 2 0 0 0 0 0 0 0 2 0 0 0 0 0 0 0 0 2 0 2 0 0 0 2 0 0 2 0 2 0 0 0 0 0 0 0 0 0 0 0 2 0 0 0 0 0 0 0 0 0 0 0 0 0 0 0 2 0 0 2 0 2 0 0 0 0 0 0 0 0 2 0 2 0 0 0 0 0 0 0 2 0 0 0 0 0 0 0 0 2 0 0 0 0 0 0 2 0 0 0 0 0 0 2 0 0 0 0 0 2 0 0 0 0 2 0 0 0 0 0 2 0 0 0 0 0 2 0 0 0 0 0 2 0 0 0 2 0 0 0 0 0 0 2 0 0 0 0 0 0 0 2 0 0 0 0 2 0 2 0 0 0 0 2 0 0 0 0 2 0 0 0 0 0 2 0 0 0 0 2 0 0 0 0 0 2 0 0 0 0 0 2 0 2 0 0 0 0 0 0 2 0 0 2 0 0 0 0 0 0 0 0 2 0 2 0 0 0 0 0 0 2 0 0 2 0 0 0 0 0 0 0 0 2 0 2 0 0 0 0 0 0 0 2 0 0 0 0 0 0 0 2 0 0 0 0 0 2 0 2 0 0 0 0 0 0 0 0 0 0 0 2 0 2 0 0 0 0 0 2 0 2 0 0 0 0 0 0 0 0 2 0 0 0 0 0 0 0 0 0 0 2 0 0 2 0 2 0 0 0 0 0 0 0 2 0 0 0 0 0 0 0 0 0 0 0 0 0 0 0 0 0 0 0 0 0 0 0 0 0 0 2 2 0 2 
218:/opt/homebrew/share/lua/5.4/pl/class.lua
0 0 0 0 0 0 0 0 0 0 0 0 0 0 0 0 0 0 0 0 0 0 0 0 0 0 0 0 0 0 0 0 0 0 0 0 0 0 0 0 0 0 0 0 0 0 0 0 0 0 0 0 0 0 0 0 0 0 0 0 0 0 0 0 0 0 0 0 0 0 0 0 0 0 0 0 0 0 0 0 0 0 0 0 0 0 0 0 0 0 0 0 0 0 0 0 0 0 0 0 0 0 0 0 0 0 0 0 0 0 0 0 0 0 0 0 0 0 0 0 0 0 0 0 0 0 0 0 0 0 2 0 2 2 0 0 0 2 0 0 2 0 0 0 0 0 0 2 0 0 0 2 2 2 2 2 0 0 2 0 0 0 0 0 0 0 0 0 0 0 0 0 0 0 0 0 0 0 0 0 0 0 2 0 0 0 0 0 0 0 0 2 2 2 2 2 0 2 2 0 0 2 0 0 0 0 0 0 0 0 0 0 0 0 0 0 0 2 
527:/opt/homebrew/share/lua/5.4/pl/dir.lua
0 0 0 0 0 0 0 2 2 2 2 2 2 2 2 2 2 2 0 2 2 0 2 0 0 2 2 0 0 2 4 0 0 25 25 2 0 0 0 0 0 0 0 0 0 0 2 0 0 0 2 0 0 0 0 0 0 2 0 0 0 0 0 0 0 0 2 0 0 0 0 0 0 0 0 0 0 0 0 0 0 2 0 0 0 0 0 0 2 0 0 0 0 0 0 0 0 0 0 0 2 0 0 0 0 0 2 0 0 0 2 0 2 0 0 0 0 0 0 0 0 0 0 0 0 0 0 2 0 0 0 0 0 0 0 0 0 0 0 0 0 0 0 0 0 0 0 0 0 0 0 0 0 0 0 0 0 0 0 0 0 0 0 0 0 0 0 0 0 0 0 0 0 0 0 0 0 0 0 0 0 0 0 0 0 2 0 0 0 2 0 0 0 0 0 0 0 0 0 0 0 0 0 0 0 0 0 0 0 0 0 0 0 0 0 0 0 0 0 0 0 0 0 0 0 0 0 0 0 0 0 2 0 0 0 0 0 0 0 2 0 0 0 0 2 0 0 0 0 0 0 2 0 0 0 2 0 0 0 0 0 0 0 0 0 0 0 0 0 0 0 0 2 0 0 0 0 0 0 0 0 0 0 0 0 0 0 0 2 0 0 0 0 0 0 0 0 0 0 0 0 0 0 0 0 0 0 0 0 0 0 0 0 0 0 0 0 0 2 0 0 0 0 0 0 0 2 0 0 0 0 0 0 0 0 0 0 0 0 0 0 0 0 0 0 0 0 0 0 0 0 2 0 0 0 2 2 0 0 2 0 0 2 2 0 0 0 0 0 0 0 0 0 0 0 0 0 0 2 0 0 0 0 0 0 2 0 0 0 0 0 4 0 0 0 0 0 0 0 0 0 0 0 0 0 0 2 0 0 0 0 0 0 0 0 0 0 0 0 0 0 0 0 0 0 0 0 0 0 0 0 0 0 0 0 0 0 0 0 0 0 0 0 0 0 0 0 0 2 0 0 0 0 0 0 0 49 49 2 0 0 47 47 47 6 6 0 0 41 29 29 29 29 4 0 29 0 0 0 12 2 0 0 0 0 0 0 2 2 0 2 2 0 0 0 2 0 2 2 0 0 0 0 0 0 0 0 2 2 2 2 0 2 2 31 29 25 25 25 0 0 2 0 2 2 0 2 
397:/opt/homebrew/share/lua/5.4/pl/path.lua
0 0 0 0 0 0 0 0 0 0 0 0 0 0 0 0 0 0 0 0 0 0 0 0 0 0 0 0 0 0 0 0 0 0 0 0 0 0 0 0 0 0 0 0 0 0 0 0 0 0 0 0 0 0 0 0 0 0 0 0 0 0 0 0 0 0 0 0 0 0 0 0 0 0 0 0 0 0 0 0 0 0 0 0 0 0 0 0 0 0 0 0 0 0 0 0 0 0 0 0 0 0 0 0 0 0 0 0 0 0 0 0 0 0 0 0 0 0 0 0 0 0 33 33 0 0 0 0 0 2 2 0 0 0 0 0 0 0 0 0 0 0 0 0 0 0 0 0 0 0 0 0 0 0 0 29 29 0 0 0 0 0 0 0 0 0 0 0 0 0 0 0 0 0 0 0 0 0 0 0 0 0 1353 0 0 0 0 0 0 0 0 0 0 0 0 0 0 0 0 0 0 0 0 0 0 0 0 0 0 0 0 0 0 0 0 0 0 0 0 0 0 0 0 0 0 0 0 0 0 0 0 109 109 109 1345 1236 1236 0 109 0 0 109 0 0 0 0 0 0 0 0 0 0 0 0 0 0 0 0 0 0 0 0 0 0 0 0 0 0 0 0 0 0 0 0 0 0 0 2 2 2 8 6 0 0 6 6 0 2 0 0 2 0 0 0 0 0 0 0 0 0 0 0 84 84 84 0 0 0 0 0 0 0 0 0 0 25 25 25 0 0 0 0 0 0 0 0 0 0 2 2 2 0 0 0 0 0 0 0 0 0 0 0 0 0 0 0 0 0 0 0 0 0 0 0 0 0 0 0 0 0 0 0 0 0 0 0 0 0 0 0 0 0 0 0 0 0 0 0 0 0 0 0 0 0 0 0 0 0 0 0 0 0 50 50 0 0 50 
889:/opt/homebrew/share/lua/5.4/pl/tablex.lua
0 0 0 0 0 0 0 0 0 0 0 0 0 0 0 0 0 0 0 0 0 4 4 0 0 0 0 0 0 0 0 0 0 0 0 0 0 0 4 0 0 4 0 0 4 0 0 4 0 0 0 0 0 0 0 0 0 0 0 0 0 0 0 0 0 0 0 0 0 0 0 0 0 0 0 0 0 0 0 0 0 0 0 0 0 0 0 0 0 4 4 164 160 4 4 0 0 0 0 0 0 0 0 0 0 0 0 0 0 0 0 0 0 0 0 0 0 0 0 0 0 0 0 0 0 0 0 0 0 0 0 0 0 0 0 0 0 0 0 0 0 0 0 0 0 0 0 0 0 0 0 0 0 0 0 0 0 0 0 0 0 0 0 0 0 0 0 0 0 0 0 0 0 0 0 0 0 0 0 0 0 0 0 0 0 0 0 0 0 0 0 0 0 0 0 0 0 0 0 0 0 0 0 0 0 0 0 0 0 0 0 0 0 0 0 0 0 0 0 0 0 0 0 0 0 0 0 0 0 0 0 0 0 0 0 0 0 0 0 0 0 0 0 0 0 0 0 0 0 0 0 0 0 0 0 0 0 0 0 0 0 0 0 0 0 0 0 0 0 0 0 0 0 0 0 0 0 0 0 0 0 0 0 0 0 0 0 0 0 0 0 0 0 0 0 0 0 0 0 0 0 0 0 0 0 0 0 0 0 0 0 0 0 0 0 0 0 0 0 0 0 0 0 0 0 0 0 0 0 0 0 0 0 0 0 0 0 0 0 0 0 0 0 0 0 0 0 0 0 0 0 0 0 0 0 0 0 0 0 0 0 0 0 0 0 0 0 0 0 0 0 0 0 0 0 0 0 0 0 0 0 0 0 0 0 0 0 0 0 0 0 0 0 0 0 0 0 0 0 0 0 0 0 0 0 0 0 0 0 0 0 0 0 0 0 0 0 0 0 0 0 0 0 0 0 0 0 0 0 0 0 0 0 0 0 0 0 0 0 0 0 0 0 0 0 0 0 0 0 0 0 0 0 0 0 0 0 0 0 0 0 0 0 0 0 0 0 0 0 0 0 0 0 0 0 0 0 0 0 0 0 0 0 0 0 0 0 0 0 0 0 0 0 0 0 0 0 0 0 0 0 0 0 0 0 0 0 0 0 0 0 0 0 0 0 0 0 0 0 0 0 0 0 0 0 0 0 0 0 0 0 0 0 0 0 0 0 0 0 0 0 0 0 0 0 0 0 0 0 0 0 0 0 0 0 0 0 0 0 0 0 0 0 0 0 0 0 0 0 0 0 0 0 0 0 0 0 0 0 0 0 0 0 0 0 0 0 0 0 0 0 0 0 0 0 0 0 0 0 0 0 0 0 0 0 0 0 0 0 0 0 0 0 0 0 0 0 0 0 0 0 0 0 0 0 0 0 0 0 0 0 0 0 0 0 0 0 0 0 0 0 0 0 0 0 0 0 0 0 0 0 0 0 0 0 0 0 0 0 0 0 0 0 0 0 0 0 0 0 0 0 0 0 0 0 0 0 0 0 0 0 0 0 0 0 0 0 0 0 0 0 0 0 0 0 0 0 0 0 0 0 0 0 0 0 0 0 0 0 0 0 0 0 0 0 0 0 0 0 0 0 0 0 0 4 4 4 31 27 27 4 4 0 0 4 0 0 0 0 0 0 0 0 0 0 0 0 0 0 0 0 0 0 0 0 0 0 0 0 0 0 0 0 0 0 0 0 0 0 0 0 0 0 0 0 0 0 0 0 0 0 0 0 0 0 0 0 0 0 0 0 0 0 0 0 0 0 0 0 0 0 0 0 0 0 0 0 0 0 0 0 0 0 0 0 0 0 0 0 0 0 0 0 0 0 0 0 0 0 0 0 0 0 0 0 0 0 0 0 0 0 0 0 0 0 0 0 0 0 0 0 0 0 0 0 0 0 0 0 0 0 0 0 0 0 0 0 0 0 0 0 0 2 2 2 2 0 0 0 2 2 0 0 2 4 2 0 0 2 
115:/opt/homebrew/share/lua/5.4/pl/types.lua
0 0 0 0 0 0 0 0 0 0 0 0 0 0 0 0 0 0 0 0 0 0 0 0 0 0 0 0 0 0 0 0 0 0 0 0 0 0 0 0 0 0 0 0 0 0 0 0 0 0 0 0 0 0 0 0 0 0 0 0 0 0 0 0 0 0 0 0 0 0 0 0 0 0 0 0 0 0 0 0 0 0 0 0 8 0 0 0 0 0 0 0 0 0 0 0 0 0 4 4 0 0 0 0 0 0 0 0 0 0 0 0 0 4 4 
691:/opt/homebrew/share/lua/5.4/pl/utils.lua
0 0 0 0 0 0 0 0 0 0 0 0 0 0 0 0 0 0 0 0 0 0 0 0 0 0 0 0 0 0 0 0 0 0 0 0 0 0 0 0 0 0 0 0 0 0 0 0 0 0 0 0 0 0 0 0 0 0 0 0 0 0 0 0 0 0 0 0 0 0 0 0 0 0 0 0 0 0 0 0 0 0 0 0 0 0 0 0 0 0 0 0 0 0 0 0 0 0 0 0 0 0 0 0 0 0 0 0 0 0 0 0 0 0 0 0 0 0 0 0 0 0 0 0 0 0 0 0 0 0 0 0 0 0 0 0 0 0 0 0 0 0 0 0 0 0 0 0 0 0 0 0 0 0 0 0 0 0 0 0 0 0 0 0 0 0 0 0 0 0 0 0 0 0 0 0 0 0 0 0 0 0 0 0 0 0 0 0 0 0 0 0 0 0 0 0 0 0 0 0 0 0 0 0 0 0 0 0 0 0 0 0 0 0 0 0 0 0 0 0 0 0 0 0 0 0 0 0 0 0 0 0 0 0 0 0 0 0 0 0 0 0 0 0 0 0 0 0 0 0 0 0 0 0 0 0 0 0 0 0 0 0 0 0 0 0 0 0 0 0 0 0 0 0 0 0 0 0 0 0 0 0 0 0 0 0 0 0 0 369 0 0 369 0 0 369 0 0 0 0 0 0 0 0 0 0 0 0 0 0 0 0 0 0 0 0 0 0 0 0 0 0 0 0 0 0 0 0 0 0 0 0 0 0 0 0 0 0 0 0 0 0 0 0 0 0 0 0 0 0 0 0 0 0 0 0 0 0 0 0 0 0 0 0 0 0 0 0 0 0 0 0 0 0 0 0 0 0 0 0 0 0 0 0 0 0 0 0 0 0 0 0 0 0 0 0 0 0 0 0 0 0 0 0 0 0 0 0 0 0 0 0 0 0 0 0 0 0 0 0 0 0 0 0 0 0 0 0 0 0 0 0 0 0 4 4 4 0 0 0 0 0 0 0 0 0 0 0 0 0 0 0 0 0 0 0 0 0 0 0 0 0 0 0 0 0 0 0 0 0 0 0 0 0 361 0 0 0 0 0 0 0 0 0 0 0 0 0 0 0 0 0 0 0 0 0 0 0 0 0 0 0 0 0 0 0 0 0 0 0 0 0 0 0 0 0 0 0 0 0 0 0 0 0 0 0 0 0 0 0 0 0 0 0 0 0 0 0 0 0 0 0 0 0 0 0 0 0 0 0 0 0 0 0 0 0 0 0 0 0 0 0 0 0 0 0 0 0 0 0 0 0 0 0 0 0 0 0 0 0 0 0 0 0 0 0 0 0 0 0 0 0 0 0 0 0 0 0 0 0 0 0 0 0 0 0 0 0 0 0 0 0 0 0 0 0 0 0 0 0 0 0 0 0 0 0 0 0 0 0 0 0 0 0 0 0 0 0 0 0 0 0 0 0 0 0 0 0 0 0 0 0 0 0 0 0 0 0 0 0 0 0 0 0 0 0 0 0 0 0 0 0 0 0 0 0 0 0 0 0 0 0 0 0 0 0 0 0 0 25 25 
52:/opt/homebrew/share/lua/5.4/say/init.lua
0 0 0 0 0 0 0 0 0 0 0 0 0 2 2 0 0 2 0 0 0 0 0 0 0 0 0 38 38 0 0 0 0 16 0 0 16 16 0 16 0 16 0 0 16 16 0 16 0 0 0 16 
39:/opt/homebrew/share/lua/5.4/term/colors.lua
0 0 0 0 0 0 0 0 0 0 0 0 0 0 0 0 0 0 0 0 0 0 0 0 0 0 0 0 0 0 36 0 0 0 36 0 0 0 18 
110:core/plugin.lua
2 2 2 0 2 2 0 2 0 0 28 28 0 0 0 28 2 0 2 16 2 0 2 22 22 2 0 2 4 0 6 2 4 0 4 2 0 2 0 0 0 0 0 0 0 0 0 0 0 2 0 2 0 0 0 0 0 0 2 0 2 4 0 4 2 0 0 2 2 2 0 2 0 0 0 0 0 2 0 2 4 4 0 4 2 0 2 2 2 4 0 2 12 12 0 0 0 12 12 12 12 12 12 0 12 12 12 2 0 2 
139:core/plugin_spec.lua
0 0 4 2 0 0 0 0 4 2 0 2 2 2 2 2 0 0 2 6 2 0 2 0 4 2 2 0 0 0 2 6 0 2 0 2 0 4 16 4 0 4 2 4 0 2 0 2 4 0 4 2 4 0 4 22 22 24 0 4 4 2 2 0 2 2 4 0 4 2 0 2 2 2 4 4 0 4 4 2 4 0 4 2 4 4 0 4 4 2 4 0 4 2 4 4 0 4 4 4 2 4 2 2 4 0 4 4 2 4 2 2 4 4 0 4 4 4 2 4 2 4 4 4 2 4 2 4 4 0 4 4 2 2 2 2 4 4 6 
19:framework/fs.lua
2 0 2 22 22 8 0 0 0 0 22 2 0 2 0 2 4 0 2 
73:framework/git.lua
0 0 2 0 2 0 0 2 2 0 2 0 0 2 0 2 0 0 0 0 0 2 0 2 0 0 0 0 0 0 0 0 0 0 0 0 0 0 0 0 0 0 0 2 0 2 0 0 0 0 0 0 2 0 2 0 0 2 0 2 0 0 0 0 0 0 2 0 2 0 2 0 2 
93:framework/list.lua
2 0 2 0 2 0 2 0 0 0 0 0 0 2 0 2 0 0 0 0 0 0 0 0 0 0 0 2 0 2 0 0 0 0 0 0 0 0 0 0 0 0 0 0 0 2 0 2 0 0 0 0 0 0 0 0 0 0 0 0 0 0 0 0 0 0 0 0 0 0 0 0 2 0 2 0 0 0 0 0 0 0 0 0 0 0 0 0 0 0 2 0 2 
24:framework/output.lua
2 0 2 0 2 0 2 0 2 0 2 0 0 2 0 2 2 2 2 2 2 2 0 2 
